<?xml version="1.0" encoding="UTF-8" ?>
<testsuite tests="2" failures="2" name="org.books.persistence.OrderDaoTest" time="0.198" errors="0" skipped="0">
  <properties>
    <property name="java.runtime.name" value="Java(TM) SE Runtime Environment"/>
    <property name="sun.boot.library.path" value="C:\Program Files\Java\jdk1.8.0_40\jre\bin"/>
    <property name="java.vm.version" value="25.40-b25"/>
    <property name="java.vm.vendor" value="Oracle Corporation"/>
    <property name="java.vendor.url" value="http://java.oracle.com/"/>
    <property name="path.separator" value=";"/>
    <property name="guice.disable.misplaced.annotation.check" value="true"/>
    <property name="java.vm.name" value="Java HotSpot(TM) 64-Bit Server VM"/>
    <property name="file.encoding.pkg" value="sun.io"/>
    <property name="user.script" value=""/>
    <property name="user.country" value="CH"/>
    <property name="sun.java.launcher" value="SUN_STANDARD"/>
    <property name="sun.os.patch.level" value=""/>
    <property name="java.vm.specification.name" value="Java Virtual Machine Specification"/>
    <property name="user.dir" value="E:\Dokumente\GIT\EADJ_git\code\bookstore-persist"/>
    <property name="java.runtime.version" value="1.8.0_40-b26"/>
    <property name="java.awt.graphicsenv" value="sun.awt.Win32GraphicsEnvironment"/>
    <property name="java.endorsed.dirs" value="C:\Program Files\Java\jdk1.8.0_40\jre\lib\endorsed"/>
    <property name="os.arch" value="amd64"/>
    <property name="java.io.tmpdir" value="C:\Users\cb\AppData\Local\Temp\"/>
    <property name="line.separator" value="
"/>
    <property name="java.vm.specification.vendor" value="Oracle Corporation"/>
    <property name="user.variant" value=""/>
    <property name="os.name" value="Windows 8.1"/>
    <property name="maven.ext.class.path" value="C:\Program Files\NetBeans 8.0.2\java\maven-nblib\netbeans-eventspy.jar"/>
    <property name="classworlds.conf" value="C:\Program Files\NetBeans 8.0.2\java\maven\bin\m2.conf"/>
    <property name="sun.jnu.encoding" value="Cp1252"/>
    <property name="java.library.path" value="C:\Program Files\Java\jdk1.8.0_40\bin;C:\WINDOWS\Sun\Java\bin;C:\WINDOWS\system32;C:\WINDOWS;C:\ProgramData\Oracle\Java\javapath;C:\Windows\system32;C:\Windows;C:\Windows\System32\Wbem;C:\Windows\System32\WindowsPowerShell\v1.0\;C:\Program Files\Intel\WiFi\bin\;C:\Program Files\Common Files\Intel\WirelessCommon\;C:\Program Files\MiKTeX 2.9\miktex\bin\x64\;C:\WINDOWS\system32;C:\WINDOWS;C:\WINDOWS\System32\Wbem;C:\WINDOWS\System32\WindowsPowerShell\v1.0\;C:\Program Files (x86)\Skype\Phone\;C:\Program Files\Intel\WiFi\bin\;C:\Program Files\Common Files\Intel\WirelessCommon\;C:\Program Files\Java\jdk1.8.0_40\bin;C:\Program Files\NetBeans 8.0.2\java\maven\bin;."/>
    <property name="java.specification.name" value="Java Platform API Specification"/>
    <property name="java.class.version" value="52.0"/>
    <property name="sun.management.compiler" value="HotSpot 64-Bit Tiered Compilers"/>
    <property name="os.version" value="6.3"/>
    <property name="user.home" value="C:\Users\cb"/>
    <property name="user.timezone" value="Europe/Berlin"/>
    <property name="java.awt.printerjob" value="sun.awt.windows.WPrinterJob"/>
    <property name="java.specification.version" value="1.8"/>
    <property name="file.encoding" value="UTF-8"/>
    <property name="user.name" value="cb"/>
    <property name="java.class.path" value="C:\Program Files\NetBeans 8.0.2\java\maven\boot\plexus-classworlds-2.4.jar"/>
    <property name="java.vm.specification.version" value="1.8"/>
    <property name="sun.arch.data.model" value="64"/>
    <property name="java.home" value="C:\Program Files\Java\jdk1.8.0_40\jre"/>
    <property name="sun.java.command" value="org.codehaus.plexus.classworlds.launcher.Launcher -Dmaven.ext.class.path=C:\Program Files\NetBeans 8.0.2\java\maven-nblib\netbeans-eventspy.jar -Dfile.encoding=UTF-8 clean install"/>
    <property name="java.specification.vendor" value="Oracle Corporation"/>
    <property name="user.language" value="de"/>
    <property name="awt.toolkit" value="sun.awt.windows.WToolkit"/>
    <property name="java.vm.info" value="mixed mode"/>
    <property name="java.version" value="1.8.0_40"/>
    <property name="java.ext.dirs" value="C:\Program Files\Java\jdk1.8.0_40\jre\lib\ext;C:\WINDOWS\Sun\Java\lib\ext"/>
    <property name="sun.boot.class.path" value="C:\Program Files\Java\jdk1.8.0_40\jre\lib\resources.jar;C:\Program Files\Java\jdk1.8.0_40\jre\lib\rt.jar;C:\Program Files\Java\jdk1.8.0_40\jre\lib\sunrsasign.jar;C:\Program Files\Java\jdk1.8.0_40\jre\lib\jsse.jar;C:\Program Files\Java\jdk1.8.0_40\jre\lib\jce.jar;C:\Program Files\Java\jdk1.8.0_40\jre\lib\charsets.jar;C:\Program Files\Java\jdk1.8.0_40\jre\lib\jfr.jar;C:\Program Files\Java\jdk1.8.0_40\jre\classes"/>
    <property name="java.vendor" value="Oracle Corporation"/>
    <property name="maven.home" value="C:\Program Files\NetBeans 8.0.2\java\maven"/>
    <property name="file.separator" value="\"/>
    <property name="java.vendor.url.bug" value="http://bugreport.sun.com/bugreport/"/>
    <property name="sun.cpu.endian" value="little"/>
    <property name="sun.io.unicode.encoding" value="UnicodeLittle"/>
    <property name="sun.desktop" value="windows"/>
    <property name="sun.cpu.isalist" value="amd64"/>
  </properties>
  <testcase classname="org.books.persistence.OrderDaoTest" name="testSearchByCustomerAndYear" time="0.084">
    <failure type="java.lang.AssertionError">java.lang.AssertionError
	at org.junit.Assert.fail(Assert.java:92)
	at org.junit.Assert.assertTrue(Assert.java:43)
	at org.junit.Assert.assertTrue(Assert.java:54)
	at org.books.persistence.OrderDaoTest.testSearchByCustomerAndYear(OrderDaoTest.java:39)
	at sun.reflect.NativeMethodAccessorImpl.invoke0(Native Method)
	at sun.reflect.NativeMethodAccessorImpl.invoke(NativeMethodAccessorImpl.java:62)
	at sun.reflect.DelegatingMethodAccessorImpl.invoke(DelegatingMethodAccessorImpl.java:43)
	at java.lang.reflect.Method.invoke(Method.java:497)
	at org.junit.runners.model.FrameworkMethod$1.runReflectiveCall(FrameworkMethod.java:45)
	at org.junit.internal.runners.model.ReflectiveCallable.run(ReflectiveCallable.java:15)
	at org.junit.runners.model.FrameworkMethod.invokeExplosively(FrameworkMethod.java:42)
	at org.junit.internal.runners.statements.InvokeMethod.evaluate(InvokeMethod.java:20)
	at org.junit.runners.ParentRunner.runLeaf(ParentRunner.java:263)
	at org.junit.runners.BlockJUnit4ClassRunner.runChild(BlockJUnit4ClassRunner.java:68)
	at org.junit.runners.BlockJUnit4ClassRunner.runChild(BlockJUnit4ClassRunner.java:47)
	at org.junit.runners.ParentRunner$3.run(ParentRunner.java:231)
	at org.junit.runners.ParentRunner$1.schedule(ParentRunner.java:60)
	at org.junit.runners.ParentRunner.runChildren(ParentRunner.java:229)
	at org.junit.runners.ParentRunner.access$000(ParentRunner.java:50)
	at org.junit.runners.ParentRunner$2.evaluate(ParentRunner.java:222)
	at org.junit.internal.runners.statements.RunBefores.evaluate(RunBefores.java:28)
	at org.junit.internal.runners.statements.RunAfters.evaluate(RunAfters.java:30)
	at org.junit.runners.ParentRunner.run(ParentRunner.java:300)
	at org.apache.maven.surefire.junit4.JUnit4TestSet.execute(JUnit4TestSet.java:53)
	at org.apache.maven.surefire.junit4.JUnit4Provider.executeTestSet(JUnit4Provider.java:123)
	at org.apache.maven.surefire.junit4.JUnit4Provider.invoke(JUnit4Provider.java:104)
	at sun.reflect.NativeMethodAccessorImpl.invoke0(Native Method)
	at sun.reflect.NativeMethodAccessorImpl.invoke(NativeMethodAccessorImpl.java:62)
	at sun.reflect.DelegatingMethodAccessorImpl.invoke(DelegatingMethodAccessorImpl.java:43)
	at java.lang.reflect.Method.invoke(Method.java:497)
	at org.apache.maven.surefire.util.ReflectionUtils.invokeMethodWithArray(ReflectionUtils.java:164)
	at org.apache.maven.surefire.booter.ProviderFactory$ProviderProxy.invoke(ProviderFactory.java:110)
	at org.apache.maven.surefire.booter.SurefireStarter.invokeProvider(SurefireStarter.java:175)
	at org.apache.maven.surefire.booter.SurefireStarter.runSuitesInProcessWhenForked(SurefireStarter.java:107)
	at org.apache.maven.surefire.booter.ForkedBooter.main(ForkedBooter.java:68)
</failure>
    <system-out>[EL Fine]: sql: 2015-12-14 21:03:33.185--ClientSession(1485129132)--Connection(99219259)--Thread(Thread[main,5,main])--DELETE FROM ORDERITEM
[EL Fine]: sql: 2015-12-14 21:03:33.187--ClientSession(1485129132)--Connection(99219259)--Thread(Thread[main,5,main])--DELETE FROM BOOK
[EL Fine]: sql: 2015-12-14 21:03:33.189--ClientSession(1485129132)--Connection(99219259)--Thread(Thread[main,5,main])--DELETE FROM BOOKORDER
[EL Fine]: sql: 2015-12-14 21:03:33.19--ClientSession(1485129132)--Connection(99219259)--Thread(Thread[main,5,main])--DELETE FROM CUSTOMER
[EL Fine]: sql: 2015-12-14 21:03:33.194--ClientSession(1485129132)--Connection(99219259)--Thread(Thread[main,5,main])--DELETE FROM LOGIN
[EL Fine]: sql: 2015-12-14 21:03:33.425--ServerSession(825658265)--Connection(99219259)--Thread(Thread[main,5,main])--SELECT ID, EMAIL, FIRSTNAME, LASTNAME, CITY, COUNTRY, POSTALCODE, STREET, EXPIRATIONMONTH, EXPIRATIONYEAR, NUMBER, TYPE FROM CUSTOMER WHERE (ID = ?)
	bind =&gt; [42]
[EL Fine]: sql: 2015-12-14 21:03:33.428--ServerSession(825658265)--Connection(99219259)--Thread(Thread[main,5,main])--SELECT ID, EMAIL, FIRSTNAME, LASTNAME, CITY, COUNTRY, POSTALCODE, STREET, EXPIRATIONMONTH, EXPIRATIONYEAR, NUMBER, TYPE FROM CUSTOMER WHERE (ID = ?)
	bind =&gt; [84]
[EL Fine]: sql: 2015-12-14 21:03:33.429--ClientSession(1485129132)--Connection(99219259)--Thread(Thread[main,5,main])--INSERT INTO BOOKORDER (ID, AMOUNT, ORDER_DATE, ORDER_NUMBER, STATUS, CITY, COUNTRY, POSTALCODE, STREET, EXPIRATIONMONTH, EXPIRATIONYEAR, NUMBER, TYPE, CUSTOMER_ID) VALUES (?, ?, ?, ?, ?, ?, ?, ?, ?, ?, ?, ?, ?, ?)
	bind =&gt; [10005, 77.1, 2014-09-23 02:00:00.0, 3333-001, accepted, Verrebroek, Korea, South, 7245, P.O. Box 162, 3979 Aliquet Rd., 11, 2014, 5520341523175640, MasterCard, 84]
[EL Fine]: sql: 2015-12-14 21:03:33.431--ClientSession(1485129132)--Connection(99219259)--Thread(Thread[main,5,main])--INSERT INTO BOOKORDER (ID, AMOUNT, ORDER_DATE, ORDER_NUMBER, STATUS, CITY, COUNTRY, POSTALCODE, STREET, EXPIRATIONMONTH, EXPIRATIONYEAR, NUMBER, TYPE, CUSTOMER_ID) VALUES (?, ?, ?, ?, ?, ?, ?, ?, ?, ?, ?, ?, ?, ?)
	bind =&gt; [10004, 28.15, 2014-09-23 02:00:00.0, 2222-001, accepted, Akola, Guinea-Bissau, 56968, Ap #266-8829 Ipsum Rd., 11, 2014, 5553826954946740, MasterCard, 42]
[EL Fine]: sql: 2015-12-14 21:03:33.436--ServerSession(825658265)--Connection(99219259)--Thread(Thread[main,5,main])--SELECT ID, EMAIL, FIRSTNAME, LASTNAME, CITY, COUNTRY, POSTALCODE, STREET, EXPIRATIONMONTH, EXPIRATIONYEAR, NUMBER, TYPE FROM CUSTOMER WHERE (UCASE(EMAIL) = UCASE(bonds_mother@007.ch))
[EL Fine]: sql: 2015-12-14 21:03:33.442--ServerSession(825658265)--Connection(99219259)--Thread(Thread[main,5,main])--SELECT ID, ORDER_NUMBER, ORDER_DATE, AMOUNT, STATUS FROM BOOKORDER WHERE ((ORDER_DATE BETWEEN ? AND ?) AND (CUSTOMER_ID = ?))
	bind =&gt; [2014-01-01 00:00:00.441, 2014-12-31 00:00:00.441, null]
[EL Fine]: sql: 2015-12-14 21:03:33.515--ServerSession(825658265)--Connection(99219259)--Thread(Thread[main,5,main])--SELECT ID, ORDER_NUMBER, ORDER_DATE, AMOUNT, STATUS FROM BOOKORDER WHERE ((ORDER_DATE BETWEEN ? AND ?) AND (CUSTOMER_ID = ?))
	bind =&gt; [1999-01-01 00:00:00.514, 1999-12-31 00:00:00.514, null]
</system-out>
  </testcase>
  <testcase classname="org.books.persistence.OrderDaoTest" name="testGetByNumber" time="0.008">
    <failure message="expected:&lt;[Bonds_Mother]&gt; but was:&lt;[Nomlanga]&gt;" type="org.junit.ComparisonFailure">org.junit.ComparisonFailure: expected:&lt;[Bonds_Mother]&gt; but was:&lt;[Nomlanga]&gt;
	at org.junit.Assert.assertEquals(Assert.java:125)
	at org.junit.Assert.assertEquals(Assert.java:147)
	at org.books.persistence.OrderDaoTest.testGetByNumber(OrderDaoTest.java:25)
	at sun.reflect.NativeMethodAccessorImpl.invoke0(Native Method)
	at sun.reflect.NativeMethodAccessorImpl.invoke(NativeMethodAccessorImpl.java:62)
	at sun.reflect.DelegatingMethodAccessorImpl.invoke(DelegatingMethodAccessorImpl.java:43)
	at java.lang.reflect.Method.invoke(Method.java:497)
	at org.junit.runners.model.FrameworkMethod$1.runReflectiveCall(FrameworkMethod.java:45)
	at org.junit.internal.runners.model.ReflectiveCallable.run(ReflectiveCallable.java:15)
	at org.junit.runners.model.FrameworkMethod.invokeExplosively(FrameworkMethod.java:42)
	at org.junit.internal.runners.statements.InvokeMethod.evaluate(InvokeMethod.java:20)
	at org.junit.runners.ParentRunner.runLeaf(ParentRunner.java:263)
	at org.junit.runners.BlockJUnit4ClassRunner.runChild(BlockJUnit4ClassRunner.java:68)
	at org.junit.runners.BlockJUnit4ClassRunner.runChild(BlockJUnit4ClassRunner.java:47)
	at org.junit.runners.ParentRunner$3.run(ParentRunner.java:231)
	at org.junit.runners.ParentRunner$1.schedule(ParentRunner.java:60)
	at org.junit.runners.ParentRunner.runChildren(ParentRunner.java:229)
	at org.junit.runners.ParentRunner.access$000(ParentRunner.java:50)
	at org.junit.runners.ParentRunner$2.evaluate(ParentRunner.java:222)
	at org.junit.internal.runners.statements.RunBefores.evaluate(RunBefores.java:28)
	at org.junit.internal.runners.statements.RunAfters.evaluate(RunAfters.java:30)
	at org.junit.runners.ParentRunner.run(ParentRunner.java:300)
	at org.apache.maven.surefire.junit4.JUnit4TestSet.execute(JUnit4TestSet.java:53)
	at org.apache.maven.surefire.junit4.JUnit4Provider.executeTestSet(JUnit4Provider.java:123)
	at org.apache.maven.surefire.junit4.JUnit4Provider.invoke(JUnit4Provider.java:104)
	at sun.reflect.NativeMethodAccessorImpl.invoke0(Native Method)
	at sun.reflect.NativeMethodAccessorImpl.invoke(NativeMethodAccessorImpl.java:62)
	at sun.reflect.DelegatingMethodAccessorImpl.invoke(DelegatingMethodAccessorImpl.java:43)
	at java.lang.reflect.Method.invoke(Method.java:497)
	at org.apache.maven.surefire.util.ReflectionUtils.invokeMethodWithArray(ReflectionUtils.java:164)
	at org.apache.maven.surefire.booter.ProviderFactory$ProviderProxy.invoke(ProviderFactory.java:110)
	at org.apache.maven.surefire.booter.SurefireStarter.invokeProvider(SurefireStarter.java:175)
	at org.apache.maven.surefire.booter.SurefireStarter.runSuitesInProcessWhenForked(SurefireStarter.java:107)
	at org.apache.maven.surefire.booter.ForkedBooter.main(ForkedBooter.java:68)
</failure>
    <system-out>[EL Fine]: sql: 2015-12-14 21:03:33.52--ServerSession(825658265)--Connection(99219259)--Thread(Thread[main,5,main])--SELECT ID, AMOUNT, ORDER_DATE, ORDER_NUMBER, STATUS, CITY, COUNTRY, POSTALCODE, STREET, EXPIRATIONMONTH, EXPIRATIONYEAR, NUMBER, TYPE, CUSTOMER_ID FROM BOOKORDER WHERE (UCASE(ORDER_NUMBER) = UCASE(3333-001))
</system-out>
  </testcase>
</testsuite>